#
# A fatal error has been detected by the Java Runtime Environment:
#
#  Internal Error (javaCalls.cpp:62), pid=6244, tid=5676
#  guarantee(thread->is_Java_thread()) failed: crucial check - the VM thread cannot and must not escape to Java code
#
# JRE version: Java(TM) SE Runtime Environment (7.0_51-b13) (build 1.7.0_51-b13)
# Java VM: Java HotSpot(TM) 64-Bit Server VM (24.51-b03 mixed mode windows-amd64 compressed oops)
# Failed to write core dump. Minidumps are not enabled by default on client versions of Windows
#
# If you would like to submit a bug report, please visit:
#   http://bugreport.sun.com/bugreport/crash.jsp
#

---------------  T H R E A D  ---------------

Current thread (0x0000000006cf2000):  VMThread [stack: 0x0000000007da0000,0x0000000007ea0000] [id=5676]

Stack: [0x0000000007da0000,0x0000000007ea0000]
[error occurred during error reporting (printing stack bounds), id 0xc0000005]


[error occurred during error reporting (printing native stack), id 0xc0000005]

VM_Operation (0x00000000086bf460): GetOrSetLocal, mode: safepoint, requested by thread 0x0000000006d40800


---------------  P R O C E S S  ---------------

Java Threads: ( => current thread )
  0x0000000008dfb800 JavaThread "Code server for euosmegwt from Mozilla/5.0 (Windows NT 6.3; WOW64; rv:24.0) Gecko/20100101 Firefox/24.0 on http://127.0.0.1:8888/EUOSMEGWT.html?gwt.codesvr=127.0.0.1:9997 @ c)}V^wJ@&2[Z>tBI" daemon [_thread_in_native, id=5868, stack(0x000000000af90000,0x000000000b090000)]
  0x0000000008dfa000 JavaThread "Java2D Disposer" daemon [_thread_blocked, id=2596, stack(0x000000000cc10000,0x000000000cd10000)]
  0x0000000008df6800 JavaThread "Code server for euosmegwt from Mozilla/5.0 (Windows NT 6.3; WOW64; rv:24.0) Gecko/20100101 Firefox/24.0 on http://127.0.0.1:8888/EUOSMEGWT.html?gwt.codesvr=127.0.0.1:9997 @ c)}V^wJ@&2[Z>tBI" daemon [_thread_blocked, id=9492, stack(0x000000000b990000,0x000000000ba90000)]
  0x0000000008df9800 JavaThread "qtp1317437561-32" [_thread_blocked, id=9832, stack(0x000000000b790000,0x000000000b890000)]
  0x0000000008df8000 JavaThread "qtp1317437561-31" [_thread_blocked, id=7676, stack(0x000000000b690000,0x000000000b790000)]
  0x0000000008df5800 JavaThread "qtp1317437561-30" [_thread_blocked, id=7240, stack(0x000000000b590000,0x000000000b690000)]
  0x0000000008df7000 JavaThread "qtp1317437561-29" [_thread_blocked, id=5264, stack(0x000000000b490000,0x000000000b590000)]
  0x0000000009ca0000 JavaThread "qtp1317437561-28" [_thread_blocked, id=8408, stack(0x000000000b390000,0x000000000b490000)]
  0x00000000091b5000 JavaThread "qtp1317437561-27" [_thread_blocked, id=10228, stack(0x000000000b290000,0x000000000b390000)]
  0x00000000091b4000 JavaThread "qtp1317437561-26 Acceptor0 SelectChannelConnector@127.0.0.1:8888" [_thread_in_native, id=10072, stack(0x000000000b190000,0x000000000b290000)]
  0x0000000006da1000 JavaThread "qtp1317437561-25 Selector0" [_thread_blocked, id=6308, stack(0x000000000b090000,0x000000000b190000)]
  0x0000000009f2f000 JavaThread "HashSessionScavenger-0" daemon [_thread_blocked, id=9528, stack(0x000000000ac90000,0x000000000ad90000)]
  0x0000000009d1b800 JavaThread "GC Daemon" daemon [_thread_blocked, id=8368, stack(0x0000000009ac0000,0x0000000009bc0000)]
  0x00000000090f9800 JavaThread "Code server listener" daemon [_thread_in_native, id=7820, stack(0x000000000ad90000,0x000000000ae90000)]
  0x0000000009413800 JavaThread "pool-1-thread-1" [_thread_blocked, id=7984, stack(0x000000000ab90000,0x000000000ac90000)]
  0x0000000008d76800 JavaThread "Thread-2" daemon [_thread_blocked, id=8272, stack(0x00000000099c0000,0x0000000009ac0000)]
  0x0000000009132000 JavaThread "Thread-1" [_thread_in_native, id=8936, stack(0x00000000098c0000,0x00000000099c0000)]
  0x0000000006d6e800 JavaThread "Service Thread" daemon [_thread_blocked, id=5360, stack(0x0000000008ac0000,0x0000000008bc0000)]
  0x0000000006d61800 JavaThread "C2 CompilerThread1" daemon [_thread_blocked, id=6388, stack(0x00000000089c0000,0x0000000008ac0000)]
  0x0000000006d60000 JavaThread "C2 CompilerThread0" daemon [_thread_blocked, id=10180, stack(0x00000000088c0000,0x00000000089c0000)]
  0x0000000006d4f000 JavaThread "JDWP Command Reader" daemon [_thread_in_native, id=8220, stack(0x00000000087c0000,0x00000000088c0000)]
  0x0000000006d4c800 JavaThread "JDWP Event Helper Thread" daemon [_thread_blocked, id=7104, stack(0x00000000086c0000,0x00000000087c0000)]
  0x0000000006d40800 JavaThread "JDWP Transport Listener: dt_socket" daemon [_thread_blocked, id=2132, stack(0x00000000085c0000,0x00000000086c0000)]
  0x0000000006d37000 JavaThread "Attach Listener" daemon [_thread_blocked, id=4512, stack(0x00000000081a0000,0x00000000082a0000)]
  0x0000000006d34000 JavaThread "Signal Dispatcher" daemon [_thread_blocked, id=9900, stack(0x00000000080a0000,0x00000000081a0000)]
  0x0000000006d00800 JavaThread "Finalizer" daemon [_thread_blocked, id=10152, stack(0x0000000007fa0000,0x00000000080a0000)]
  0x0000000006cf5000 JavaThread "Reference Handler" daemon [_thread_blocked, id=8836, stack(0x0000000007ea0000,0x0000000007fa0000)]
  0x0000000001f1e800 JavaThread "main" [_thread_blocked, id=7200, stack(0x0000000001f20000,0x0000000002020000)]

Other Threads:
=>0x0000000006cf2000 VMThread [stack: 0x0000000007da0000,0x0000000007ea0000] [id=5676]
  0x0000000006d78000 WatcherThread [stack: 0x0000000008bc0000,0x0000000008cc0000] [id=6468]

VM state:at safepoint (normal execution)

VM Mutex/Monitor currently owned by a thread:  ([mutex/lock_event])
[0x0000000002020cd0] Threads_lock - owner thread: 0x0000000006cf2000

Heap
 PSYoungGen      total 80384K, used 72877K [0x00000000f5500000, 0x00000000fe080000, 0x0000000100000000)
  eden space 66048K, 89% used [0x00000000f5500000,0x00000000f8e75678,0x00000000f9580000)
  from space 14336K, 97% used [0x00000000f9580000,0x00000000fa336040,0x00000000fa380000)
  to   space 37888K, 0% used [0x00000000fbb80000,0x00000000fbb80000,0x00000000fe080000)
 ParOldGen       total 186880K, used 103640K [0x00000000e0000000, 0x00000000eb680000, 0x00000000f5500000)
  object space 186880K, 55% used [0x00000000e0000000,0x00000000e65360b0,0x00000000eb680000)
 PSPermGen       total 76288K, used 49854K [0x00000000dae00000, 0x00000000df880000, 0x00000000e0000000)
  object space 76288K, 65% used [0x00000000dae00000,0x00000000ddeaf880,0x00000000df880000)

Card table byte_map: [0x00000000051e0000,0x0000000005310000] byte_map_base: 0x0000000004b09000

Polling page: 0x0000000000630000

Code Cache  [0x0000000002120000, 0x0000000002720000, 0x0000000005120000)
 total_blobs=2119 nmethods=1642 adapters=435 free_code_cache=43112Kb largest_free_block=44045824

Compilation events (10 events):
Event: 395.576 Thread 0x0000000006d60000 1897             com.google.gwt.xml.client.impl.NodeImpl::getNodeName (8 bytes)
Event: 395.576 Thread 0x0000000006d61800 1898             com.google.gwt.xml.client.impl.XMLParserImpl::getNodeName (27 bytes)
Event: 395.580 Thread 0x0000000006d61800 nmethod 1898 0x0000000002656e10 code [0x0000000002656f80, 0x0000000002657128]
Event: 395.581 Thread 0x0000000006d60000 nmethod 1897 0x00000000026a7f10 code [0x00000000026a8080, 0x00000000026a8248]
Event: 399.920 Thread 0x0000000006d61800 1899             com.google.gwt.dev.shell.JavaScriptHost::invokeNativeShort (13 bytes)
Event: 399.922 Thread 0x0000000006d61800 nmethod 1899 0x0000000002655750 code [0x00000000026558a0, 0x0000000002655988]
Event: 519.529 Thread 0x0000000006d60000 1901             com.google.gwt.dom.client.Element$::getPropertyString$ (28 bytes)
Event: 519.532 Thread 0x0000000006d60000 nmethod 1901 0x00000000023e46d0 code [0x00000000023e4840, 0x00000000023e49e8]
Event: 525.437 Thread 0x0000000006d61800 1902             eu.europa.ec.jrc.euosme.gwt.client.Utilities::getSelectTreeItem (142 bytes)
Event: 525.453 Thread 0x0000000006d61800 nmethod 1902 0x0000000002710710 code [0x0000000002710920, 0x00000000027111e0]

GC Heap History (10 events):
Event: 348.294 GC heap before
{Heap before GC invocations=41 (full 4):
 PSYoungGen      total 110592K, used 72556K [0x00000000f5500000, 0x00000000ff580000, 0x0000000100000000)
  eden space 62976K, 100% used [0x00000000f5500000,0x00000000f9280000,0x00000000f9280000)
  from space 47616K, 20% used [0x00000000fc700000,0x00000000fd05b218,0x00000000ff580000)
  to   space 50688K, 0% used [0x00000000f9280000,0x00000000f9280000,0x00000000fc400000)
 ParOldGen       total 186880K, used 103640K [0x00000000e0000000, 0x00000000eb680000, 0x00000000f5500000)
  object space 186880K, 55% used [0x00000000e0000000,0x00000000e65360b0,0x00000000eb680000)
 PSPermGen       total 76288K, used 49206K [0x00000000dae00000, 0x00000000df880000, 0x00000000e0000000)
  object space 76288K, 64% used [0x00000000dae00000,0x00000000dde0db58,0x00000000df880000)
Event: 348.319 GC heap after
Heap after GC invocations=41 (full 4):
 PSYoungGen      total 73728K, used 10660K [0x00000000f5500000, 0x00000000ff200000, 0x0000000100000000)
  eden space 62976K, 0% used [0x00000000f5500000,0x00000000f5500000,0x00000000f9280000)
  from space 10752K, 99% used [0x00000000f9280000,0x00000000f9ce9200,0x00000000f9d00000)
  to   space 48128K, 0% used [0x00000000fc300000,0x00000000fc300000,0x00000000ff200000)
 ParOldGen       total 186880K, used 103640K [0x00000000e0000000, 0x00000000eb680000, 0x00000000f5500000)
  object space 186880K, 55% used [0x00000000e0000000,0x00000000e65360b0,0x00000000eb680000)
 PSPermGen       total 76288K, used 49206K [0x00000000dae00000, 0x00000000df880000, 0x00000000e0000000)
  object space 76288K, 64% used [0x00000000dae00000,0x00000000dde0db58,0x00000000df880000)
}
Event: 361.445 GC heap before
{Heap before GC invocations=42 (full 4):
 PSYoungGen      total 73728K, used 73636K [0x00000000f5500000, 0x00000000ff200000, 0x0000000100000000)
  eden space 62976K, 100% used [0x00000000f5500000,0x00000000f9280000,0x00000000f9280000)
  from space 10752K, 99% used [0x00000000f9280000,0x00000000f9ce9200,0x00000000f9d00000)
  to   space 48128K, 0% used [0x00000000fc300000,0x00000000fc300000,0x00000000ff200000)
 ParOldGen       total 186880K, used 103640K [0x00000000e0000000, 0x00000000eb680000, 0x00000000f5500000)
  object space 186880K, 55% used [0x00000000e0000000,0x00000000e65360b0,0x00000000eb680000)
 PSPermGen       total 76288K, used 49212K [0x00000000dae00000, 0x00000000df880000, 0x00000000e0000000)
  object space 76288K, 64% used [0x00000000dae00000,0x00000000dde0f098,0x00000000df880000)
Event: 361.474 GC heap after
Heap after GC invocations=42 (full 4):
 PSYoungGen      total 107520K, used 11604K [0x00000000f5500000, 0x00000000fed00000, 0x0000000100000000)
  eden space 64512K, 0% used [0x00000000f5500000,0x00000000f5500000,0x00000000f9400000)
  from space 43008K, 26% used [0x00000000fc300000,0x00000000fce551f0,0x00000000fed00000)
  to   space 45568K, 0% used [0x00000000f9400000,0x00000000f9400000,0x00000000fc080000)
 ParOldGen       total 186880K, used 103640K [0x00000000e0000000, 0x00000000eb680000, 0x00000000f5500000)
  object space 186880K, 55% used [0x00000000e0000000,0x00000000e65360b0,0x00000000eb680000)
 PSPermGen       total 76288K, used 49212K [0x00000000dae00000, 0x00000000df880000, 0x00000000e0000000)
  object space 76288K, 64% used [0x00000000dae00000,0x00000000dde0f098,0x00000000df880000)
}
Event: 372.946 GC heap before
{Heap before GC invocations=43 (full 4):
 PSYoungGen      total 107520K, used 76116K [0x00000000f5500000, 0x00000000fed00000, 0x0000000100000000)
  eden space 64512K, 100% used [0x00000000f5500000,0x00000000f9400000,0x00000000f9400000)
  from space 43008K, 26% used [0x00000000fc300000,0x00000000fce551f0,0x00000000fed00000)
  to   space 45568K, 0% used [0x00000000f9400000,0x00000000f9400000,0x00000000fc080000)
 ParOldGen       total 186880K, used 103640K [0x00000000e0000000, 0x00000000eb680000, 0x00000000f5500000)
  object space 186880K, 55% used [0x00000000e0000000,0x00000000e65360b0,0x00000000eb680000)
 PSPermGen       total 76288K, used 49217K [0x00000000dae00000, 0x00000000df880000, 0x00000000e0000000)
  object space 76288K, 64% used [0x00000000dae00000,0x00000000dde10610,0x00000000df880000)
Event: 372.975 GC heap after
Heap after GC invocations=43 (full 4):
 PSYoungGen      total 77312K, used 12356K [0x00000000f5500000, 0x00000000fe980000, 0x0000000100000000)
  eden space 64512K, 0% used [0x00000000f5500000,0x00000000f5500000,0x00000000f9400000)
  from space 12800K, 96% used [0x00000000f9400000,0x00000000fa0111f0,0x00000000fa080000)
  to   space 43008K, 0% used [0x00000000fbf80000,0x00000000fbf80000,0x00000000fe980000)
 ParOldGen       total 186880K, used 103640K [0x00000000e0000000, 0x00000000eb680000, 0x00000000f5500000)
  object space 186880K, 55% used [0x00000000e0000000,0x00000000e65360b0,0x00000000eb680000)
 PSPermGen       total 76288K, used 49217K [0x00000000dae00000, 0x00000000df880000, 0x00000000e0000000)
  object space 76288K, 64% used [0x00000000dae00000,0x00000000dde10610,0x00000000df880000)
}
Event: 387.493 GC heap before
{Heap before GC invocations=44 (full 4):
 PSYoungGen      total 77312K, used 76868K [0x00000000f5500000, 0x00000000fe980000, 0x0000000100000000)
  eden space 64512K, 100% used [0x00000000f5500000,0x00000000f9400000,0x00000000f9400000)
  from space 12800K, 96% used [0x00000000f9400000,0x00000000fa0111f0,0x00000000fa080000)
  to   space 43008K, 0% used [0x00000000fbf80000,0x00000000fbf80000,0x00000000fe980000)
 ParOldGen       total 186880K, used 103640K [0x00000000e0000000, 0x00000000eb680000, 0x00000000f5500000)
  object space 186880K, 55% used [0x00000000e0000000,0x00000000e65360b0,0x00000000eb680000)
 PSPermGen       total 76288K, used 49224K [0x00000000dae00000, 0x00000000df880000, 0x00000000e0000000)
  object space 76288K, 64% used [0x00000000dae00000,0x00000000dde12210,0x00000000df880000)
Event: 387.525 GC heap after
Heap after GC invocations=44 (full 4):
 PSYoungGen      total 103936K, used 13544K [0x00000000f5500000, 0x00000000fe480000, 0x0000000100000000)
  eden space 66048K, 0% used [0x00000000f5500000,0x00000000f5500000,0x00000000f9580000)
  from space 37888K, 35% used [0x00000000fbf80000,0x00000000fccba030,0x00000000fe480000)
  to   space 40448K, 0% used [0x00000000f9580000,0x00000000f9580000,0x00000000fbd00000)
 ParOldGen       total 186880K, used 103640K [0x00000000e0000000, 0x00000000eb680000, 0x00000000f5500000)
  object space 186880K, 55% used [0x00000000e0000000,0x00000000e65360b0,0x00000000eb680000)
 PSPermGen       total 76288K, used 49224K [0x00000000dae00000, 0x00000000df880000, 0x00000000e0000000)
  object space 76288K, 64% used [0x00000000dae00000,0x00000000dde12210,0x00000000df880000)
}
Event: 495.651 GC heap before
{Heap before GC invocations=45 (full 4):
 PSYoungGen      total 103936K, used 79592K [0x00000000f5500000, 0x00000000fe480000, 0x0000000100000000)
  eden space 66048K, 100% used [0x00000000f5500000,0x00000000f9580000,0x00000000f9580000)
  from space 37888K, 35% used [0x00000000fbf80000,0x00000000fccba030,0x00000000fe480000)
  to   space 40448K, 0% used [0x00000000f9580000,0x00000000f9580000,0x00000000fbd00000)
 ParOldGen       total 186880K, used 103640K [0x00000000e0000000, 0x00000000eb680000, 0x00000000f5500000)
  object space 186880K, 55% used [0x00000000e0000000,0x00000000e65360b0,0x00000000eb680000)
 PSPermGen       total 76288K, used 49240K [0x00000000dae00000, 0x00000000df880000, 0x00000000e0000000)
  object space 76288K, 64% used [0x00000000dae00000,0x00000000dde16260,0x00000000df880000)
Event: 495.679 GC heap after
Heap after GC invocations=45 (full 4):
 PSYoungGen      total 80384K, used 14040K [0x00000000f5500000, 0x00000000fe080000, 0x0000000100000000)
  eden space 66048K, 0% used [0x00000000f5500000,0x00000000f5500000,0x00000000f9580000)
  from space 14336K, 97% used [0x00000000f9580000,0x00000000fa336040,0x00000000fa380000)
  to   space 37888K, 0% used [0x00000000fbb80000,0x00000000fbb80000,0x00000000fe080000)
 ParOldGen       total 186880K, used 103640K [0x00000000e0000000, 0x00000000eb680000, 0x00000000f5500000)
  object space 186880K, 55% used [0x00000000e0000000,0x00000000e65360b0,0x00000000eb680000)
 PSPermGen       total 76288K, used 49240K [0x00000000dae00000, 0x00000000df880000, 0x00000000e0000000)
  object space 76288K, 64% used [0x00000000dae00000,0x00000000dde16260,0x00000000df880000)
}

Deoptimization events (10 events):
Event: 261.141 Thread 0x0000000008dfb800 Uncommon trap: reason=class_check action=maybe_recompile pc=0x000000000246c644 method=com.google.gwt.dev.util.DiskCache.transferToStream(JLjava/io/OutputStream;)V @ 104
Event: 276.995 Thread 0x0000000008dfb800 Uncommon trap: reason=unreached action=reinterpret pc=0x00000000024e8498 method=java.util.HashMap.removeEntryForKey(Ljava/lang/Object;)Ljava/util/HashMap$Entry; @ 115
Event: 294.980 Thread 0x0000000008dfb800 Uncommon trap: reason=unhandled action=none pc=0x00000000024c0658 method=com.google.gwt.dev.shell.BrowserChannelServer.invokeJavascript(Lcom/google/gwt/dev/shell/CompilingClassLoader;Lcom/google/gwt/dev/shell/JsValueOOPHM;Ljava/lang/String;[Lcom/google/gwtp$Ӈr@
Event: 296.489 Thread 0x00000000091b5000 Uncommon trap: reason=unhandled action=none pc=0x0000000002264304 method=org.apache.xerces.impl.XMLEntityScanner.load(IZ)Z @ 170
Event: 297.461 Thread 0x000000000c312800 Uncommon trap: reason=bimorphic action=maybe_recompile pc=0x00000000023ea074 method=java.util.HashMap$KeySet.iterator()Ljava/util/Iterator; @ 4
Event: 300.654 Thread 0x00000000091b5000 Uncommon trap: reason=unhandled action=none pc=0x0000000002264304 method=org.apache.xerces.impl.XMLEntityScanner.load(IZ)Z @ 170
Event: 330.271 Thread 0x00000000091b5000 Uncommon trap: reason=class_check action=maybe_recompile pc=0x00000000023a8058 method=java.util.AbstractList$Itr.hasNext()Z @ 8
Event: 330.271 Thread 0x00000000091b5000 Uncommon trap: reason=class_check action=maybe_recompile pc=0x00000000023dfa20 method=java.util.AbstractList$Itr.next()Ljava/lang/Object; @ 14
Event: 330.279 Thread 0x00000000091b5000 Uncommon trap: reason=bimorphic action=maybe_recompile pc=0x00000000024c9690 method=java.io.PrintWriter.write(Ljava/lang/String;)V @ 7
Event: 330.760 Thread 0x0000000008df6800 Uncommon trap: reason=class_check action=maybe_recompile pc=0x00000000022c5218 method=java.lang.Character.toLowerCase(I)I @ 5

Internal exceptions (10 events):
Event: 254.220 Thread 0x0000000008dfb800 Threw 0x00000000f863b640 at C:\re\jdk7u51\527\hotspot\src\share\vm\interpreter\interpreterRuntime.cpp:347
Event: 254.269 Thread 0x0000000008dfb800 Threw 0x00000000f894d3e8 at C:\re\jdk7u51\527\hotspot\src\share\vm\prims\jvm.cpp:1244
Event: 254.270 Thread 0x0000000008dfb800 Threw 0x00000000f8955750 at C:\re\jdk7u51\527\hotspot\src\share\vm\prims\jvm.cpp:1244
Event: 254.271 Thread 0x0000000008dfb800 Threw 0x00000000f895de38 at C:\re\jdk7u51\527\hotspot\src\share\vm\prims\jvm.cpp:1244
Event: 254.273 Thread 0x0000000008dfb800 Threw 0x00000000f8968e10 at C:\re\jdk7u51\527\hotspot\src\share\vm\prims\jvm.cpp:1244
Event: 254.924 Thread 0x0000000009413800 Threw 0x00000000f6496e88 at C:\re\jdk7u51\527\hotspot\src\share\vm\prims\jni.cpp:1632
Event: 254.924 Thread 0x0000000009413800 Threw 0x00000000f6497680 at C:\re\jdk7u51\527\hotspot\src\share\vm\prims\jni.cpp:1632
Event: 255.889 Thread 0x0000000009413800 Implicit null exception at 0x00000000024563ce to 0x0000000002456839
Event: 292.330 Thread 0x00000000091b5000 Threw 0x00000000f613e410 at C:\re\jdk7u51\527\hotspot\src\share\vm\interpreter\interpreterRuntime.cpp:347
Event: 330.278 Thread 0x00000000091b5000 Threw 0x00000000f86d3ec8 at C:\re\jdk7u51\527\hotspot\src\share\vm\prims\jvm.cpp:1244

Events (10 events):
Event: 752.125 Executing nested VM operation: Deoptimize
Event: 752.125 Executing nested VM operation: Deoptimize done
Event: 752.125 Executing VM operation: EnterInterpOnlyMode done
Event: 752.125 Executing VM operation: GetCurrentLocation
Event: 752.125 Executing VM operation: GetCurrentLocation done
Event: 752.125 Executing VM operation: ChangeSingleStep
Event: 752.125 Executing VM operation: ChangeSingleStep done
Event: 752.126 Executing VM operation: ChangeSingleStep
Event: 752.126 Executing VM operation: ChangeSingleStep done
Event: 752.411 Executing VM operation: GetOrSetLocal


Dynamic libraries:
0x00007ff702910000 - 0x00007ff702943000 	C:\Program Files\Java\jdk1.7.0_51\bin\javaw.exe
0x00007ffdf67c0000 - 0x00007ffdf696c000 	C:\Windows\SYSTEM32\ntdll.dll
0x00007ffdf4630000 - 0x00007ffdf476a000 	C:\Windows\system32\KERNEL32.DLL
0x00007ffdf3e00000 - 0x00007ffdf3f0f000 	C:\Windows\system32\KERNELBASE.dll
0x00007ffdf2610000 - 0x00007ffdf2698000 	C:\Windows\system32\apphelp.dll
0x00007ffdef740000 - 0x00007ffdef78f000 	C:\Windows\AppPatch\AppPatch64\AcGenral.DLL
0x00007ffdf4510000 - 0x00007ffdf45b7000 	C:\Windows\system32\msvcrt.dll
0x00007ffdf3840000 - 0x00007ffdf386b000 	C:\Windows\SYSTEM32\SspiCli.dll
0x00007ffdf6760000 - 0x00007ffdf67b1000 	C:\Windows\system32\SHLWAPI.dll
0x00007ffdf5eb0000 - 0x00007ffdf6021000 	C:\Windows\system32\USER32.dll
0x00007ffdf3f10000 - 0x00007ffdf4088000 	C:\Windows\system32\ole32.dll
0x00007ffdf4990000 - 0x00007ffdf5ea8000 	C:\Windows\system32\SHELL32.dll
0x00007ffdf2ff0000 - 0x00007ffdf300e000 	C:\Windows\SYSTEM32\USERENV.dll
0x00007ffdf66a0000 - 0x00007ffdf6745000 	C:\Windows\system32\ADVAPI32.dll
0x00007ffde7da0000 - 0x00007ffde7dbb000 	C:\Windows\SYSTEM32\MPR.dll
0x00007ffdf42c0000 - 0x00007ffdf43f7000 	C:\Windows\system32\RPCRT4.dll
0x00007ffdf44b0000 - 0x00007ffdf4507000 	C:\Windows\SYSTEM32\sechost.dll
0x00007ffdf40d0000 - 0x00007ffdf42a6000 	C:\Windows\SYSTEM32\combase.dll
0x00007ffdf4770000 - 0x00007ffdf48b4000 	C:\Windows\system32\GDI32.dll
0x00007ffdf3a00000 - 0x00007ffdf3a14000 	C:\Windows\SYSTEM32\profapi.dll
0x00007ffdf2040000 - 0x00007ffdf20df000 	C:\Windows\SYSTEM32\SHCORE.dll
0x00007ffdf4090000 - 0x00007ffdf40c4000 	C:\Windows\system32\IMM32.DLL
0x00007ffdf6050000 - 0x00007ffdf61a1000 	C:\Windows\system32\MSCTF.dll
0x00007ffdf1c10000 - 0x00007ffdf1e6a000 	C:\Windows\WinSxS\amd64_microsoft.windows.common-controls_6595b64144ccf1df_6.0.9600.17031_none_6242a4b3ecbb55a1\COMCTL32.dll
0x00000000723e0000 - 0x00000000724b2000 	C:\Program Files\Java\jdk1.7.0_51\jre\bin\msvcr100.dll
0x0000000071c10000 - 0x00000000723d9000 	C:\Program Files\Java\jdk1.7.0_51\jre\bin\server\jvm.dll
0x00007ffde7c10000 - 0x00007ffde7c19000 	C:\Windows\SYSTEM32\WSOCK32.dll
0x00007ffdee290000 - 0x00007ffdee2af000 	C:\Windows\SYSTEM32\WINMM.dll
0x00007ffdf6750000 - 0x00007ffdf6757000 	C:\Windows\system32\PSAPI.DLL
0x00007ffdf6400000 - 0x00007ffdf6458000 	C:\Windows\system32\WS2_32.dll
0x00007ffdee260000 - 0x00007ffdee28a000 	C:\Windows\SYSTEM32\WINMMBASE.dll
0x00007ffdf4400000 - 0x00007ffdf4409000 	C:\Windows\system32\NSI.dll
0x00007ffdf3cb0000 - 0x00007ffdf3cfa000 	C:\Windows\SYSTEM32\cfgmgr32.dll
0x00007ffdf2860000 - 0x00007ffdf2886000 	C:\Windows\SYSTEM32\DEVOBJ.dll
0x0000000071c00000 - 0x0000000071c0f000 	C:\Program Files\Java\jdk1.7.0_51\jre\bin\verify.dll
0x0000000071bd0000 - 0x0000000071bf8000 	C:\Program Files\Java\jdk1.7.0_51\jre\bin\java.dll
0x0000000071b90000 - 0x0000000071bc5000 	C:\Program Files\Java\jdk1.7.0_51\jre\bin\jdwp.dll
0x0000000071b80000 - 0x0000000071b88000 	C:\Program Files\Java\jdk1.7.0_51\jre\bin\npt.dll
0x0000000071b60000 - 0x0000000071b75000 	C:\Program Files\Java\jdk1.7.0_51\jre\bin\zip.dll
0x0000000071b50000 - 0x0000000071b59000 	C:\Program Files\Java\jdk1.7.0_51\jre\bin\dt_socket.dll
0x00007ffde7000000 - 0x00007ffde7014000 	C:\Windows\system32\napinsp.dll
0x00007ffde7020000 - 0x00007ffde7039000 	C:\Windows\system32\pnrpnsp.dll
0x00007ffdef5d0000 - 0x00007ffdef5eb000 	C:\Windows\system32\NLAapi.dll
0x00007ffdf3240000 - 0x00007ffdf3298000 	C:\Windows\System32\mswsock.dll
0x00007ffdf3050000 - 0x00007ffdf30f3000 	C:\Windows\SYSTEM32\DNSAPI.dll
0x00007ffde7040000 - 0x00007ffde704c000 	C:\Windows\System32\winrnr.dll
0x00000000737b0000 - 0x00000000737d6000 	C:\Program Files\Bonjour\mdnsNSP.dll
0x00007ffdedf30000 - 0x00007ffdedf59000 	C:\Windows\SYSTEM32\Iphlpapi.DLL
0x00007ffdedf00000 - 0x00007ffdedf0a000 	C:\Windows\SYSTEM32\WINNSI.DLL
0x00007ffde7050000 - 0x00007ffde7063000 	C:\Windows\system32\wshbth.dll
0x00007ffded7b0000 - 0x00007ffded818000 	C:\Windows\System32\fwpuclnt.dll
0x00007ffde7930000 - 0x00007ffde7939000 	C:\Windows\System32\rasadhlp.dll
0x0000000071b30000 - 0x0000000071b49000 	C:\Program Files\Java\jdk1.7.0_51\jre\bin\net.dll
0x00007ffdf32a0000 - 0x00007ffdf32be000 	C:\Windows\SYSTEM32\CRYPTSP.dll
0x00007ffdf2ee0000 - 0x00007ffdf2f15000 	C:\Windows\system32\rsaenh.dll
0x00007ffdf34e0000 - 0x00007ffdf3506000 	C:\Windows\SYSTEM32\bcrypt.dll
0x00007ffdf3870000 - 0x00007ffdf38d0000 	C:\Windows\system32\bcryptprimitives.dll
0x00007ffdf38d0000 - 0x00007ffdf38da000 	C:\Windows\SYSTEM32\CRYPTBASE.dll
0x0000000071b10000 - 0x0000000071b21000 	C:\Program Files\Java\jdk1.7.0_51\jre\bin\nio.dll
0x0000000071970000 - 0x0000000071b05000 	C:\Program Files\Java\jdk1.7.0_51\jre\bin\awt.dll
0x00007ffdf48c0000 - 0x00007ffdf4981000 	C:\Windows\system32\OLEAUT32.dll
0x0000000071940000 - 0x0000000071964000 	C:\Program Files\Java\jdk1.7.0_51\jre\bin\sunec.dll
0x0000000071930000 - 0x000000007193b000 	C:\Program Files\Java\jdk1.7.0_51\jre\bin\sunmscapi.dll
0x00007ffdf3ad0000 - 0x00007ffdf3ca7000 	C:\Windows\system32\CRYPT32.dll
0x00007ffdf3ab0000 - 0x00007ffdf3ac2000 	C:\Windows\system32\MSASN1.dll
0x00007ffdf1e70000 - 0x00007ffdf1e90000 	C:\Windows\system32\DWMAPI.DLL
0x00007ffdf2730000 - 0x00007ffdf2851000 	C:\Windows\system32\uxtheme.dll

VM Arguments:
jvm_args: -agentlib:jdwp=transport=dt_socket,suspend=y,address=localhost:58416 -Xmx512m -Dlog4j.ignoreTCL=true -Dfile.encoding=UTF-8 
java_command: com.google.gwt.dev.DevMode -remoteUI 57575:532879877261808 -startupUrl EUOSMEGWT.html -logLevel INFO -port 8888 -war C:\Users\Marzia\eenvplus\EUOSMEGWT\war -codeServerPort 9997 eu.europa.ec.jrc.euosme.gwt.EUOSMEGWT eu.europa.ec.jrc.euosme.gwt.euosmeJUnit
Launcher Type: SUN_STANDARD

Environment Variables:
JAVA_HOME=C:\Program Files\Java\jdk1.7.0_51
JRE_HOME=C:\Program Files\Java\jdk1.7.0_51\jre
PATH=C:\Python34\;C:\Python34\Scripts;C:\Program Files (x86)\Intel\iCLS Client\;C:\Program Files\Intel\iCLS Client\;C:\Windows\system32;C:\Windows;C:\Windows\System32\Wbem;C:\Windows\System32\WindowsPowerShell\v1.0\;C:\Program Files\Intel\Intel(R) Management Engine Components\DAL;C:\Program Files\Intel\Intel(R) Management Engine Components\IPT;C:\Program Files (x86)\Intel\Intel(R) Management Engine Components\DAL;C:\Program Files (x86)\Intel\Intel(R) Management Engine Components\IPT;C:\Users\Marzia\Documents\eENVplus\MapStore\Training-2.4.0-1-32\apache-ant-1.9.2\bin;C:\Program Files\TortoiseHg\;C:\Program Files\PostgreSQL\9.1\bin\;C:\Program Files\Java\jdk1.7.0_51\bin;C:\Program Files\Java\jdk1.7.0_51\jre\bin;C:\Program Files\TortoiseSVN\bin;C:\Program Files (x86)\Skype\Phone\;C:\Program Files\Apache Software Foundation\apache-maven-3.2.1\bin;C:\Program Files\Mercurial;C:\Program Files (x86)\IDM Computer Solutions\UltraCompare\
USERNAME=Marzia
OS=Windows_NT
PROCESSOR_IDENTIFIER=Intel64 Family 6 Model 58 Stepping 9, GenuineIntel



---------------  S Y S T E M  ---------------

OS: Windows 8 , 64 bit Build 9200 

CPU:total 4 (2 cores per cpu, 2 threads per core) family 6 model 58 stepping 9, cmov, cx8, fxsr, mmx, sse, sse2, sse3, ssse3, sse4.1, sse4.2, popcnt, avx, erms, ht, tsc, tscinvbit, tscinv

Memory: 4k page, physical 4066584k(1051864k free), swap 7989136k(3698764k free)

vm_info: Java HotSpot(TM) 64-Bit Server VM (24.51-b03) for windows-amd64 JRE (1.7.0_51-b13), built on Dec 18 2013 18:40:56 by "java_re" with unknown MS VC++:1600

time: Wed Mar 18 12:52:26 2015
elapsed time: 753 seconds

